  mergesort.c
D:\coding\cwork\new_start\Algorithms\mergesort\mergesort.h(1,1): warning C4819: The file contains a character that cannot be represented in the current code page (950). Save the file in Unicode format to prevent data loss
C:\Program Files (x86)\Microsoft Visual Studio\2019\Community\VC\Tools\MSVC\14.29.30133\include\cstdlib(23,62): error C2061: syntax error: identifier 'noexcept'
C:\Program Files (x86)\Microsoft Visual Studio\2019\Community\VC\Tools\MSVC\14.29.30133\include\cstdlib(23,62): error C2059: syntax error: ';'
C:\Program Files (x86)\Microsoft Visual Studio\2019\Community\VC\Tools\MSVC\14.29.30133\include\cstdlib(23,90): error C2449: found '{' at file scope (missing function header?)
C:\Program Files (x86)\Microsoft Visual Studio\2019\Community\VC\Tools\MSVC\14.29.30133\include\cstdlib(25,1): error C2059: syntax error: '}'
C:\Program Files (x86)\Microsoft Visual Studio\2019\Community\VC\Tools\MSVC\14.29.30133\include\cstdlib(31,72): error C2061: syntax error: identifier 'noexcept'
C:\Program Files (x86)\Microsoft Visual Studio\2019\Community\VC\Tools\MSVC\14.29.30133\include\cstdlib(31,72): error C2059: syntax error: ';'
C:\Program Files (x86)\Microsoft Visual Studio\2019\Community\VC\Tools\MSVC\14.29.30133\include\cstdlib(31,100): error C2449: found '{' at file scope (missing function header?)
C:\Program Files (x86)\Microsoft Visual Studio\2019\Community\VC\Tools\MSVC\14.29.30133\include\cstdlib(33,1): error C2059: syntax error: '}'
C:\Program Files (x86)\Microsoft Visual Studio\2019\Community\VC\Tools\MSVC\14.29.30133\include\xtr1common(19,1): error C2061: syntax error: identifier 'std'
C:\Program Files (x86)\Microsoft Visual Studio\2019\Community\VC\Tools\MSVC\14.29.30133\include\xtr1common(19,1): error C2059: syntax error: ';'
C:\Program Files (x86)\Microsoft Visual Studio\2019\Community\VC\Tools\MSVC\14.29.30133\include\xtr1common(19,1): error C2449: found '{' at file scope (missing function header?)
C:\Program Files (x86)\Microsoft Visual Studio\2019\Community\VC\Tools\MSVC\14.29.30133\include\xtr1common(235,1): error C2059: syntax error: '}'
C:\Program Files (x86)\Microsoft Visual Studio\2019\Community\VC\Tools\MSVC\14.29.30133\include\iosfwd(175,9): warning C4157: pragma was ignored by C compiler
C:\Program Files (x86)\Microsoft Visual Studio\2019\Community\VC\Tools\MSVC\14.29.30133\include\iosfwd(180,9): warning C4157: pragma was ignored by C compiler
C:\Program Files (x86)\Microsoft Visual Studio\2019\Community\VC\Tools\MSVC\14.29.30133\include\type_traits(307,33): error C4233: nonstandard extension used: '__is_union' keyword only supported in C++, not C
C:\Program Files (x86)\Microsoft Visual Studio\2019\Community\VC\Tools\MSVC\14.29.30133\include\type_traits(310,41): error C4233: nonstandard extension used: '__is_union' keyword only supported in C++, not C
C:\Program Files (x86)\Microsoft Visual Studio\2019\Community\VC\Tools\MSVC\14.29.30133\include\type_traits(313,33): error C4233: nonstandard extension used: '__is_class' keyword only supported in C++, not C
C:\Program Files (x86)\Microsoft Visual Studio\2019\Community\VC\Tools\MSVC\14.29.30133\include\type_traits(316,41): error C4233: nonstandard extension used: '__is_class' keyword only supported in C++, not C
C:\Program Files (x86)\Microsoft Visual Studio\2019\Community\VC\Tools\MSVC\14.29.30133\include\type_traits(325,39): error C4233: nonstandard extension used: '__is_convertible_to' keyword only supported in C++, not C
C:\Program Files (x86)\Microsoft Visual Studio\2019\Community\VC\Tools\MSVC\14.29.30133\include\type_traits(330,47): error C4233: nonstandard extension used: '__is_convertible_to' keyword only supported in C++, not C
C:\Program Files (x86)\Microsoft Visual Studio\2019\Community\VC\Tools\MSVC\14.29.30133\include\type_traits(359,32): error C4233: nonstandard extension used: '__is_enum' keyword only supported in C++, not C
C:\Program Files (x86)\Microsoft Visual Studio\2019\Community\VC\Tools\MSVC\14.29.30133\include\type_traits(362,40): error C4233: nonstandard extension used: '__is_enum' keyword only supported in C++, not C
C:\Program Files (x86)\Microsoft Visual Studio\2019\Community\VC\Tools\MSVC\14.29.30133\include\type_traits(499,55): error C4233: nonstandard extension used: '__is_pod' keyword only supported in C++, not C
C:\Program Files (x86)\Microsoft Visual Studio\2019\Community\VC\Tools\MSVC\14.29.30133\include\type_traits(502,63): error C4233: nonstandard extension used: '__is_pod' keyword only supported in C++, not C
C:\Program Files (x86)\Microsoft Visual Studio\2019\Community\VC\Tools\MSVC\14.29.30133\include\type_traits(505,33): error C4233: nonstandard extension used: '__is_empty' keyword only supported in C++, not C
C:\Program Files (x86)\Microsoft Visual Studio\2019\Community\VC\Tools\MSVC\14.29.30133\include\type_traits(508,41): error C4233: nonstandard extension used: '__is_empty' keyword only supported in C++, not C
C:\Program Files (x86)\Microsoft Visual Studio\2019\Community\VC\Tools\MSVC\14.29.30133\include\type_traits(511,39): error C4233: nonstandard extension used: '__is_polymorphic' keyword only supported in C++, not C
C:\Program Files (x86)\Microsoft Visual Studio\2019\Community\VC\Tools\MSVC\14.29.30133\include\type_traits(514,47): error C4233: nonstandard extension used: '__is_polymorphic' keyword only supported in C++, not C
C:\Program Files (x86)\Microsoft Visual Studio\2019\Community\VC\Tools\MSVC\14.29.30133\include\type_traits(517,36): error C4233: nonstandard extension used: '__is_abstract' keyword only supported in C++, not C
C:\Program Files (x86)\Microsoft Visual Studio\2019\Community\VC\Tools\MSVC\14.29.30133\include\type_traits(520,44): error C4233: nonstandard extension used: '__is_abstract' keyword only supported in C++, not C
C:\Program Files (x86)\Microsoft Visual Studio\2019\Community\VC\Tools\MSVC\14.29.30133\include\type_traits(523,33): error C4233: nonstandard extension used: '__is_final' keyword only supported in C++, not C
C:\Program Files (x86)\Microsoft Visual Studio\2019\Community\VC\Tools\MSVC\14.29.30133\include\type_traits(526,41): error C4233: nonstandard extension used: '__is_final' keyword only supported in C++, not C
C:\Program Files (x86)\Microsoft Visual Studio\2019\Community\VC\Tools\MSVC\14.29.30133\include\type_traits(529,43): error C4233: nonstandard extension used: '__is_standard_layout' keyword only supported in C++, not C
C:\Program Files (x86)\Microsoft Visual Studio\2019\Community\VC\Tools\MSVC\14.29.30133\include\type_traits(532,51): error C4233: nonstandard extension used: '__is_standard_layout' keyword only supported in C++, not C
C:\Program Files (x86)\Microsoft Visual Studio\2019\Community\VC\Tools\MSVC\14.29.30133\include\type_traits(536,73): error C4233: nonstandard extension used: '__is_literal_type' keyword only supported in C++, not C
C:\Program Files (x86)\Microsoft Visual Studio\2019\Community\VC\Tools\MSVC\14.29.30133\include\type_traits(541,81): error C4233: nonstandard extension used: '__is_literal_type' keyword only supported in C++, not C
C:\Program Files (x86)\Microsoft Visual Studio\2019\Community\VC\Tools\MSVC\14.29.30133\include\type_traits(546,35): error C4233: nonstandard extension used: '__is_trivially_constructible' keyword only supported in C++, not C
C:\Program Files (x86)\Microsoft Visual Studio\2019\Community\VC\Tools\MSVC\14.29.30133\include\type_traits(546,72): error C4233: nonstandard extension used: '__is_trivially_copyable' keyword only supported in C++, not C
C:\Program Files (x86)\Microsoft Visual Studio\2019\Community\VC\Tools\MSVC\14.29.30133\include\type_traits(551,43): error C4233: nonstandard extension used: '__is_trivially_constructible' keyword only supported in C++, not C
C:\Program Files (x86)\Microsoft Visual Studio\2019\Community\VC\Tools\MSVC\14.29.30133\include\type_traits(551,80): error C4233: nonstandard extension used: '__is_trivially_copyable' keyword only supported in C++, not C
C:\Program Files (x86)\Microsoft Visual Studio\2019\Community\VC\Tools\MSVC\14.29.30133\include\type_traits(561,46): error C4233: nonstandard extension used: '__is_trivially_copyable' keyword only supported in C++, not C
C:\Program Files (x86)\Microsoft Visual Studio\2019\Community\VC\Tools\MSVC\14.29.30133\include\type_traits(566,54): error C4233: nonstandard extension used: '__is_trivially_copyable' keyword only supported in C++, not C
C:\Program Files (x86)\Microsoft Visual Studio\2019\Community\VC\Tools\MSVC\14.29.30133\include\type_traits(569,47): error C4233: nonstandard extension used: '__has_virtual_destructor' keyword only supported in C++, not C
C:\Program Files (x86)\Microsoft Visual Studio\2019\Community\VC\Tools\MSVC\14.29.30133\include\type_traits(574,55): error C4233: nonstandard extension used: '__has_virtual_destructor' keyword only supported in C++, not C
C:\Program Files (x86)\Microsoft Visual Studio\2019\Community\VC\Tools\MSVC\14.29.30133\include\type_traits(593,41): error C4233: nonstandard extension used: '__is_constructible' keyword only supported in C++, not C
C:\Program Files (x86)\Microsoft Visual Studio\2019\Community\VC\Tools\MSVC\14.29.30133\include\type_traits(598,49): error C4233: nonstandard extension used: '__is_constructible' keyword only supported in C++, not C
C:\Program Files (x86)\Microsoft Visual Studio\2019\Community\VC\Tools\MSVC\14.29.30133\include\type_traits(601,46): error C4233: nonstandard extension used: '__is_constructible' keyword only supported in C++, not C
C:\Program Files (x86)\Microsoft Visual Studio\2019\Community\VC\Tools\MSVC\14.29.30133\include\type_traits(606,54): error C4233: nonstandard extension used: '__is_constructible' keyword only supported in C++, not C
C:\Program Files (x86)\Microsoft Visual Studio\2019\Community\VC\Tools\MSVC\14.29.30133\include\type_traits(609,49): error C4233: nonstandard extension used: '__is_constructible' keyword only supported in C++, not C
C:\Program Files (x86)\Microsoft Visual Studio\2019\Community\VC\Tools\MSVC\14.29.30133\include\type_traits(614,57): error C4233: nonstandard extension used: '__is_constructible' keyword only supported in C++, not C
C:\Program Files (x86)\Microsoft Visual Studio\2019\Community\VC\Tools\MSVC\14.29.30133\include\type_traits(629,46): error C4233: nonstandard extension used: '__is_constructible' keyword only supported in C++, not C
C:\Program Files (x86)\Microsoft Visual Studio\2019\Community\VC\Tools\MSVC\14.29.30133\include\type_traits(634,54): error C4233: nonstandard extension used: '__is_constructible' keyword only supported in C++, not C
C:\Program Files (x86)\Microsoft Visual Studio\2019\Community\VC\Tools\MSVC\14.29.30133\include\type_traits(637,38): error C4233: nonstandard extension used: '__is_assignable' keyword only supported in C++, not C
C:\Program Files (x86)\Microsoft Visual Studio\2019\Community\VC\Tools\MSVC\14.29.30133\include\type_traits(640,46): error C4233: nonstandard extension used: '__is_assignable' keyword only supported in C++, not C
C:\Program Files (x86)\Microsoft Visual Studio\2019\Community\VC\Tools\MSVC\14.29.30133\include\type_traits(644,21): error C4233: nonstandard extension used: '__is_assignable' keyword only supported in C++, not C
C:\Program Files (x86)\Microsoft Visual Studio\2019\Community\VC\Tools\MSVC\14.29.30133\include\type_traits(649,51): error C4233: nonstandard extension used: '__is_assignable' keyword only supported in C++, not C
C:\Program Files (x86)\Microsoft Visual Studio\2019\Community\VC\Tools\MSVC\14.29.30133\include\type_traits(655,21): error C4233: nonstandard extension used: '__is_assignable_no_precondition_check' keyword only supported in C++, not C
C:\Program Files (x86)\Microsoft Visual Studio\2019\Community\VC\Tools\MSVC\14.29.30133\include\type_traits(659,62): error C4233: nonstandard extension used: '__is_assignable_no_precondition_check' keyword only supported in C++, not C
C:\Program Files (x86)\Microsoft Visual Studio\2019\Community\VC\Tools\MSVC\14.29.30133\include\type_traits(670,43): error C4233: nonstandard extension used: '__is_assignable' keyword only supported in C++, not C
C:\Program Files (x86)\Microsoft Visual Studio\2019\Community\VC\Tools\MSVC\14.29.30133\include\type_traits(675,51): error C4233: nonstandard extension used: '__is_assignable' keyword only supported in C++, not C
C:\Program Files (x86)\Microsoft Visual Studio\2019\Community\VC\Tools\MSVC\14.29.30133\include\type_traits(680,21): error C4233: nonstandard extension used: '__is_assignable_no_precondition_check' keyword only supported in C++, not C
C:\Program Files (x86)\Microsoft Visual Studio\2019\Community\VC\Tools\MSVC\14.29.30133\include\type_traits(683,62): error C4233: nonstandard extension used: '__is_assignable_no_precondition_check' keyword only supported in C++, not C
C:\Program Files (x86)\Microsoft Visual Studio\2019\Community\VC\Tools\MSVC\14.29.30133\include\type_traits(694,40): error C4233: nonstandard extension used: '__is_destructible' keyword only supported in C++, not C
C:\Program Files (x86)\Microsoft Visual Studio\2019\Community\VC\Tools\MSVC\14.29.30133\include\type_traits(699,48): error C4233: nonstandard extension used: '__is_destructible' keyword only supported in C++, not C
C:\Program Files (x86)\Microsoft Visual Studio\2019\Community\VC\Tools\MSVC\14.29.30133\include\type_traits(702,51): error C4233: nonstandard extension used: '__is_trivially_constructible' keyword only supported in C++, not C
C:\Program Files (x86)\Microsoft Visual Studio\2019\Community\VC\Tools\MSVC\14.29.30133\include\type_traits(707,59): error C4233: nonstandard extension used: '__is_trivially_constructible' keyword only supported in C++, not C
C:\Program Files (x86)\Microsoft Visual Studio\2019\Community\VC\Tools\MSVC\14.29.30133\include\type_traits(711,21): error C4233: nonstandard extension used: '__is_trivially_constructible' keyword only supported in C++, not C
C:\Program Files (x86)\Microsoft Visual Studio\2019\Community\VC\Tools\MSVC\14.29.30133\include\type_traits(716,64): error C4233: nonstandard extension used: '__is_trivially_constructible' keyword only supported in C++, not C
C:\Program Files (x86)\Microsoft Visual Studio\2019\Community\VC\Tools\MSVC\14.29.30133\include\type_traits(720,59): error C4233: nonstandard extension used: '__is_trivially_constructible' keyword only supported in C++, not C
C:\Program Files (x86)\Microsoft Visual Studio\2019\Community\VC\Tools\MSVC\14.29.30133\include\type_traits(725,67): error C4233: nonstandard extension used: '__is_trivially_constructible' keyword only supported in C++, not C
C:\Program Files (x86)\Microsoft Visual Studio\2019\Community\VC\Tools\MSVC\14.29.30133\include\type_traits(728,56): error C4233: nonstandard extension used: '__is_trivially_constructible' keyword only supported in C++, not C
C:\Program Files (x86)\Microsoft Visual Studio\2019\Community\VC\Tools\MSVC\14.29.30133\include\type_traits(733,64): error C4233: nonstandard extension used: '__is_trivially_constructible' keyword only supported in C++, not C
C:\Program Files (x86)\Microsoft Visual Studio\2019\Community\VC\Tools\MSVC\14.29.30133\include\type_traits(736,48): error C4233: nonstandard extension used: '__is_trivially_assignable' keyword only supported in C++, not C
C:\Program Files (x86)\Microsoft Visual Studio\2019\Community\VC\Tools\MSVC\14.29.30133\include\type_traits(741,56): error C4233: nonstandard extension used: '__is_trivially_assignable' keyword only supported in C++, not C
C:\Program Files (x86)\Microsoft Visual Studio\2019\Community\VC\Tools\MSVC\14.29.30133\include\type_traits(745,21): error C4233: nonstandard extension used: '__is_trivially_assignable' keyword only supported in C++, not C
C:\Program Files (x86)\Microsoft Visual Studio\2019\Community\VC\Tools\MSVC\14.29.30133\include\type_traits(750,61): error C4233: nonstandard extension used: '__is_trivially_assignable' keyword only supported in C++, not C
C:\Program Files (x86)\Microsoft Visual Studio\2019\Community\VC\Tools\MSVC\14.29.30133\include\type_traits(754,53): error C4233: nonstandard extension used: '__is_trivially_assignable' keyword only supported in C++, not C
C:\Program Files (x86)\Microsoft Visual Studio\2019\Community\VC\Tools\MSVC\14.29.30133\include\type_traits(759,61): error C4233: nonstandard extension used: '__is_trivially_assignable' keyword only supported in C++, not C
C:\Program Files (x86)\Microsoft Visual Studio\2019\Community\VC\Tools\MSVC\14.29.30133\include\type_traits(762,50): error C4233: nonstandard extension used: '__is_trivially_destructible' keyword only supported in C++, not C
C:\Program Files (x86)\Microsoft Visual Studio\2019\Community\VC\Tools\MSVC\14.29.30133\include\type_traits(767,58): error C4233: nonstandard extension used: '__is_trivially_destructible' keyword only supported in C++, not C
C:\Program Files (x86)\Microsoft Visual Studio\2019\Community\VC\Tools\MSVC\14.29.30133\include\type_traits(770,49): error C4233: nonstandard extension used: '__is_nothrow_constructible' keyword only supported in C++, not C
C:\Program Files (x86)\Microsoft Visual Studio\2019\Community\VC\Tools\MSVC\14.29.30133\include\type_traits(775,57): error C4233: nonstandard extension used: '__is_nothrow_constructible' keyword only supported in C++, not C
C:\Program Files (x86)\Microsoft Visual Studio\2019\Community\VC\Tools\MSVC\14.29.30133\include\type_traits(779,21): error C4233: nonstandard extension used: '__is_nothrow_constructible' keyword only supported in C++, not C
C:\Program Files (x86)\Microsoft Visual Studio\2019\Community\VC\Tools\MSVC\14.29.30133\include\type_traits(785,62): error C4233: nonstandard extension used: '__is_nothrow_constructible' keyword only supported in C++, not C
C:\Program Files (x86)\Microsoft Visual Studio\2019\Community\VC\Tools\MSVC\14.29.30133\include\type_traits(789,57): error C4233: nonstandard extension used: '__is_nothrow_constructible' keyword only supported in C++, not C
C:\Program Files (x86)\Microsoft Visual Studio\2019\Community\VC\Tools\MSVC\14.29.30133\include\type_traits(794,65): error C4233: nonstandard extension used: '__is_nothrow_constructible' keyword only supported in C++, not C
C:\Program Files (x86)\Microsoft Visual Studio\2019\Community\VC\Tools\MSVC\14.29.30133\include\type_traits(797,54): error C4233: nonstandard extension used: '__is_nothrow_constructible' keyword only supported in C++, not C
C:\Program Files (x86)\Microsoft Visual Studio\2019\Community\VC\Tools\MSVC\14.29.30133\include\type_traits(802,62): error C4233: nonstandard extension used: '__is_nothrow_constructible' keyword only supported in C++, not C
C:\Program Files (x86)\Microsoft Visual Studio\2019\Community\VC\Tools\MSVC\14.29.30133\include\type_traits(805,46): error C4233: nonstandard extension used: '__is_nothrow_assignable' keyword only supported in C++, not C
C:\Program Files (x86)\Microsoft Visual Studio\2019\Community\VC\Tools\MSVC\14.29.30133\include\type_traits(810,54): error C4233: nonstandard extension used: '__is_nothrow_assignable' keyword only supported in C++, not C
C:\Program Files (x86)\Microsoft Visual Studio\2019\Community\VC\Tools\MSVC\14.29.30133\include\type_traits(814,21): error C4233: nonstandard extension used: '__is_nothrow_assignable' keyword only supported in C++, not C
C:\Program Files (x86)\Microsoft Visual Studio\2019\Community\VC\Tools\MSVC\14.29.30133\include\type_traits(819,59): error C4233: nonstandard extension used: '__is_nothrow_assignable' keyword only supported in C++, not C
C:\Program Files (x86)\Microsoft Visual Studio\2019\Community\VC\Tools\MSVC\14.29.30133\include\type_traits(823,51): error C4233: nonstandard extension used: '__is_nothrow_assignable' keyword only supported in C++, not C
C:\Program Files (x86)\Microsoft Visual Studio\2019\Community\VC\Tools\MSVC\14.29.30133\include\type_traits(828,59): error C4233: nonstandard extension used: '__is_nothrow_assignable' keyword only supported in C++, not C
C:\Program Files (x86)\Microsoft Visual Studio\2019\Community\VC\Tools\MSVC\14.29.30133\include\type_traits(831,48): error C4233: nonstandard extension used: '__is_nothrow_destructible' keyword only supported in C++, not C
C:\Program Files (x86)\Microsoft Visual Studio\2019\Community\VC\Tools\MSVC\14.29.30133\include\type_traits(837,56): error C4233: nonstandard extension used: '__is_nothrow_destructible' keyword only supported in C++, not C
C:\Program Files (x86)\Microsoft Visual Studio\2019\Community\VC\Tools\MSVC\14.29.30133\include\type_traits(1077,18): error C4233: nonstandard extension used: '__underlying_type' keyword only supported in C++, not C
C:\Program Files (x86)\Microsoft Visual Studio\2019\Community\VC\Tools\MSVC\14.29.30133\include\type_traits(1117,35): error C4233: nonstandard extension used: '__is_base_of' keyword only supported in C++, not C
C:\Program Files (x86)\Microsoft Visual Studio\2019\Community\VC\Tools\MSVC\14.29.30133\include\type_traits(1122,43): error C4233: nonstandard extension used: '__is_base_of' keyword only supported in C++, not C
C:\Program Files (x86)\Microsoft Visual Studio\2019\Community\VC\Tools\MSVC\14.29.30133\include\ostream(21,9): warning C4157: pragma was ignored by C compiler
C:\Program Files (x86)\Microsoft Visual Studio\2019\Community\VC\Tools\MSVC\14.29.30133\include\ostream(588,9): warning C4157: pragma was ignored by C compiler
C:\Program Files (x86)\Microsoft Visual Studio\2019\Community\VC\Tools\MSVC\14.29.30133\include\istream(21,9): warning C4157: pragma was ignored by C compiler
C:\Program Files (x86)\Microsoft Visual Studio\2019\Community\VC\Tools\MSVC\14.29.30133\include\istream(673,9): warning C4157: pragma was ignored by C compiler
D:\coding\cwork\new_start\Algorithms\mergesort\mergesort.c(27,1): fatal error C1004: unexpected end-of-file found
